#
# There is insufficient memory for the Java Runtime Environment to continue.
# Native memory allocation (malloc) failed to allocate 1048576 bytes. Error detail: AllocateHeap
# Possible reasons:
#   The system is out of physical RAM or swap space
#   This process is running with CompressedOops enabled, and the Java Heap may be blocking the growth of the native heap
# Possible solutions:
#   Reduce memory load on the system
#   Increase physical memory or swap space
#   Check if swap backing store is full
#   Decrease Java heap size (-Xmx/-Xms)
#   Decrease number of Java threads
#   Decrease Java thread stack sizes (-Xss)
#   Set larger code cache with -XX:ReservedCodeCacheSize=
#   JVM is running with Unscaled Compressed Oops mode in which the Java heap is
#     placed in the first 4GB address space. The Java Heap base address is the
#     maximum limit for the native heap growth. Please use -XX:HeapBaseMinAddress
#     to set the Java Heap base and to place the Java Heap above 4GB virtual address.
# This output file may be truncated or incomplete.
#
#  Out of Memory Error (allocation.cpp:44), pid=26004, tid=2344
#
# JRE version:  (23.0.2+7) (build )
# Java VM: Java HotSpot(TM) 64-Bit Server VM (23.0.2+7-58, mixed mode, sharing, tiered, compressed oops, compressed class ptrs, g1 gc, windows-amd64)
# No core dump will be written. Minidumps are not enabled by default on client versions of Windows
#

---------------  S U M M A R Y ------------

Command Line: 

Host: Intel(R) Core(TM) i3-1005G1 CPU @ 1.20GHz, 4 cores, 7G,  Windows 11 , 64 bit Build 22621 (10.0.22621.5415)
Time: Sun Sep 28 21:25:32 2025 Greenwich elapsed time: 0.032789 seconds (0d 0h 0m 0s)

---------------  T H R E A D  ---------------

Current thread (0x00000199f1134920):  JavaThread "Unknown thread" [_thread_in_vm, id=2344, stack(0x0000009152200000,0x0000009152300000) (1024K)]

Stack: [0x0000009152200000,0x0000009152300000]
Native frames: (J=compiled Java code, j=interpreted, Vv=VM code, C=native code)
V  [jvm.dll+0x6e0b99]  (no source info available)
V  [jvm.dll+0x87e2b3]  (no source info available)
V  [jvm.dll+0x88073e]  (no source info available)
V  [jvm.dll+0x880e13]  (no source info available)
V  [jvm.dll+0x27b006]  (no source info available)
V  [jvm.dll+0xb6a17]  (no source info available)
V  [jvm.dll+0x326bf8]  (no source info available)
V  [jvm.dll+0x844969]  (no source info available)
V  [jvm.dll+0x3b9a08]  (no source info available)
V  [jvm.dll+0x82d68c]  (no source info available)
V  [jvm.dll+0x454f2e]  (no source info available)
V  [jvm.dll+0x456db1]  (no source info available)
C  [jli.dll+0x52a3]  (no source info available)
C  [ucrtbase.dll+0x29333]  (no source info available)
C  [KERNEL32.DLL+0x1259d]  (no source info available)
C  [ntdll.dll+0x5af78]  (no source info available)

Lock stack of current Java thread (top to bottom):


---------------  P R O C E S S  ---------------

Threads class SMR info:
_java_thread_list=0x00007ffd91884618, length=0, elements={
}

Java Threads: ( => current thread )
Total: 0

Other Threads:

=>0x00000199f1134920 (exited) JavaThread "Unknown thread"    [_thread_in_vm, id=2344, stack(0x0000009152200000,0x0000009152300000) (1024K)]
Total: 1

Threads with active compile tasks:
Total: 0

VM state: not at safepoint (not fully initialized)

VM Mutex/Monitor currently owned by a thread: None

Heap address: 0x0000000000000000, size: 0 MB, Compressed Oops mode: 32-bit

CDS archive(s) mapped at: [0x0000000000000000-0x0000000000000000-0x0000000000000000), size 0, SharedBaseAddress: 0x0000000800000000, ArchiveRelocationMode: 1.
Narrow klass base: 0x0000000000000000, Narrow klass shift: 0, Narrow klass range: 0x0

GC Precious Log:
 CardTable entry size: 512
 Card Set container configuration: InlinePtr #cards 5 size 8 Array Of Cards #cards 10 size 36 Howl #buckets 4 coarsen threshold 1843 Howl Bitmap #cards 512 size 80 coarsen threshold 460 Card regions per heap region 1 cards per card region 2048

GC Heap History (0 events):
No events

Dll operation events (1 events):
Event: 0.028 Loaded shared library C:\Program Files\Java\jdk-23\bin\java.dll

Deoptimization events (0 events):
No events

Classes loaded (0 events):
No events

Classes unloaded (0 events):
No events

Classes redefined (0 events):
No events

Internal exceptions (0 events):
No events

VM Operations (0 events):
No events

Memory protections (0 events):
No events

Nmethod flushes (0 events):
No events

Events (0 events):
No events


Dynamic libraries:
0x00007ff60c070000 - 0x00007ff60c080000 	C:\Program Files\Java\jdk-23\bin\java.exe
0x00007ffe22170000 - 0x00007ffe22387000 	C:\Windows\SYSTEM32\ntdll.dll
0x00007ffdf00a0000 - 0x00007ffdf00c0000 	C:\Program Files\Avast Software\Avast\aswhook.dll
0x00007ffe21490000 - 0x00007ffe21554000 	C:\Windows\System32\KERNEL32.DLL
0x00007ffe1f420000 - 0x00007ffe1f7f2000 	C:\Windows\System32\KERNELBASE.dll
0x00007ffe1ab70000 - 0x00007ffe1ac07000 	C:\Windows\SYSTEM32\apphelp.dll
0x00007ffe1f260000 - 0x00007ffe1f371000 	C:\Windows\System32\ucrtbase.dll
0x00007ffe0c8a0000 - 0x00007ffe0c8b7000 	C:\Program Files\Java\jdk-23\bin\jli.dll
0x00007ffe216e0000 - 0x00007ffe21891000 	C:\Windows\System32\USER32.dll
0x00007ffe1fdd0000 - 0x00007ffe1fdf6000 	C:\Windows\System32\win32u.dll
0x00007ffe21ee0000 - 0x00007ffe21f09000 	C:\Windows\System32\GDI32.dll
0x00007ffe1fa40000 - 0x00007ffe1fb63000 	C:\Windows\System32\gdi32full.dll
0x00007ffe1f380000 - 0x00007ffe1f41a000 	C:\Windows\System32\msvcp_win.dll
0x00007ffe0c640000 - 0x00007ffe0c65b000 	C:\Program Files\Java\jdk-23\bin\VCRUNTIME140.dll
0x00007ffe0c9d0000 - 0x00007ffe0cc6b000 	C:\Windows\WinSxS\amd64_microsoft.windows.common-controls_6595b64144ccf1df_6.0.22621.5547_none_27104afb73855772\COMCTL32.dll
0x00007ffe213e0000 - 0x00007ffe21487000 	C:\Windows\System32\msvcrt.dll
0x00007ffe1feb0000 - 0x00007ffe1fee1000 	C:\Windows\System32\IMM32.DLL
0x00007ffe1aa50000 - 0x00007ffe1aa5c000 	C:\Program Files\Java\jdk-23\bin\vcruntime140_1.dll
0x00007ffde8430000 - 0x00007ffde84be000 	C:\Program Files\Java\jdk-23\bin\msvcp140.dll
0x00007ffd90c90000 - 0x00007ffd919e0000 	C:\Program Files\Java\jdk-23\bin\server\jvm.dll
0x00007ffe20cb0000 - 0x00007ffe20d61000 	C:\Windows\System32\ADVAPI32.dll
0x00007ffe21e30000 - 0x00007ffe21ed8000 	C:\Windows\System32\sechost.dll
0x00007ffe1fda0000 - 0x00007ffe1fdc8000 	C:\Windows\System32\bcrypt.dll
0x00007ffe21f10000 - 0x00007ffe22024000 	C:\Windows\System32\RPCRT4.dll
0x00007ffe1ff00000 - 0x00007ffe1ff71000 	C:\Windows\System32\WS2_32.dll
0x00007ffe1e0e0000 - 0x00007ffe1e12d000 	C:\Windows\SYSTEM32\POWRPROF.dll
0x00007ffe1aca0000 - 0x00007ffe1acd4000 	C:\Windows\SYSTEM32\WINMM.dll
0x00007ffe1ac30000 - 0x00007ffe1ac3a000 	C:\Windows\SYSTEM32\VERSION.dll
0x00007ffe1e0c0000 - 0x00007ffe1e0d3000 	C:\Windows\SYSTEM32\UMPDC.dll
0x00007ffe1e380000 - 0x00007ffe1e398000 	C:\Windows\SYSTEM32\kernel.appcore.dll
0x00007ffe15830000 - 0x00007ffe1583a000 	C:\Program Files\Java\jdk-23\bin\jimage.dll
0x00007ffe1c3d0000 - 0x00007ffe1c603000 	C:\Windows\SYSTEM32\DBGHELP.DLL
0x00007ffe21a90000 - 0x00007ffe21e23000 	C:\Windows\System32\combase.dll
0x00007ffe218a0000 - 0x00007ffe21977000 	C:\Windows\System32\OLEAUT32.dll
0x00007ffe173f0000 - 0x00007ffe17422000 	C:\Windows\SYSTEM32\dbgcore.DLL
0x00007ffe1f940000 - 0x00007ffe1f9bb000 	C:\Windows\System32\bcryptPrimitives.dll
0x00007ffe0bb10000 - 0x00007ffe0bb2e000 	C:\Program Files\Java\jdk-23\bin\java.dll
0x00007ffe20e60000 - 0x00007ffe21000000 	C:\Windows\System32\ole32.dll
0x00007ffe20400000 - 0x00007ffe20ca2000 	C:\Windows\System32\SHELL32.dll
0x00007ffe1f800000 - 0x00007ffe1f93f000 	C:\Windows\System32\wintypes.dll

dbghelp: loaded successfully - version: 4.0.5 - missing functions: none
symbol engine: initialized successfully - sym options: 0x614 - pdb path: .;C:\Program Files\Java\jdk-23\bin;C:\Windows\SYSTEM32;C:\Program Files\Avast Software\Avast;C:\Windows\WinSxS\amd64_microsoft.windows.common-controls_6595b64144ccf1df_6.0.22621.5547_none_27104afb73855772;C:\Program Files\Java\jdk-23\bin\server

VM Arguments:
java_command: <unknown>
java_class_path (initial): <not set>
Launcher Type: SUN_STANDARD

[Global flags]
     intx CICompilerCount                          = 3                                         {product} {ergonomic}
     uint ConcGCThreads                            = 1                                         {product} {ergonomic}
     uint G1ConcRefinementThreads                  = 4                                         {product} {ergonomic}
   size_t G1HeapRegionSize                         = 1048576                                   {product} {ergonomic}
   size_t InitialHeapSize                          = 130023424                                 {product} {ergonomic}
   size_t MarkStackSize                            = 4194304                                   {product} {ergonomic}
   size_t MaxHeapSize                              = 2080374784                                {product} {ergonomic}
   size_t MinHeapDeltaBytes                        = 1048576                                   {product} {ergonomic}
   size_t MinHeapSize                              = 8388608                                   {product} {ergonomic}
    uintx NonNMethodCodeHeapSize                   = 5832704                                {pd product} {ergonomic}
    uintx NonProfiledCodeHeapSize                  = 122945536                              {pd product} {ergonomic}
    uintx ProfiledCodeHeapSize                     = 122880000                              {pd product} {ergonomic}
    uintx ReservedCodeCacheSize                    = 251658240                              {pd product} {ergonomic}
     bool SegmentedCodeCache                       = true                                      {product} {ergonomic}
   size_t SoftMaxHeapSize                          = 2080374784                             {manageable} {ergonomic}
     bool UseCompressedOops                        = true                           {product lp64_product} {ergonomic}
     bool UseG1GC                                  = true                                      {product} {ergonomic}
     bool UseLargePagesIndividualAllocation        = false                                  {pd product} {ergonomic}

Logging:
Log output configuration:
 #0: stdout all=warning uptime,level,tags foldmultilines=false
 #1: stderr all=off uptime,level,tags foldmultilines=false

Environment Variables:
PATH=d:\Games\cursor\resources\app\bin;C:\Program Files\Common Files\Oracle\Java\javapath;C:\Program Files (x86)\Common Files\Oracle\Java\java8path;C:\Program Files (x86)\Common Files\Oracle\Java\javapath;D:\vm ware\bin\;C:\Windows\system32;C:\Windows;C:\Windows\System32\Wbem;C:\Windows\System32\WindowsPowerShell\v1.0\;C:\Windows\System32\OpenSSH\;C:\Program Files\Microsoft SQL Server\150\Tools\Binn\;C:\Program Files\dotnet\;C:\Program Files\nodejs\;C:\Program Files\Git\cmd;C:\Program Files\MySQL\MySQL Server 8.0\bin;C:\Users\kokor\AppData\Local\Programs\Python\Python313\Scripts\;C:\Users\kokor\AppData\Local\Programs\Python\Python313\;C:\Program Files\MySQL\MySQL Shell 8.0\bin\;C:\Users\kokor\AppData\Local\Microsoft\WindowsApps;C:\Users\kokor\.dotnet\tools;C:\Users\kokor\AppData\Roaming\npm;C:\Users\kokor\AppData\Local\Muse Hub\lib;D:\Games\flutter\bin;D:\Scraping\scraper\chromedriver;C:\Program Files\MySQL\MySQL Server 8.0\bin;D:\Games\Windsurf\bin;d:\Games\cursor\resources\app\bin;C:\Program Files\GitHub CLI\;C:\Users\kokor\AppData\Local\Programs\Microsoft VS Code\bin;D:\Games\cursor\resources\app\bin
USERNAME=kokor
OS=Windows_NT
PROCESSOR_IDENTIFIER=Intel64 Family 6 Model 126 Stepping 5, GenuineIntel
TMP=C:\Users\kokor\AppData\Local\Temp
TEMP=C:\Users\kokor\AppData\Local\Temp




Periodic native trim disabled

---------------  S Y S T E M  ---------------

OS:
 Windows 11 , 64 bit Build 22621 (10.0.22621.5415)
OS uptime: 3 days 1:48 hours

CPU: total 4 (initial active 4) (2 cores per cpu, 2 threads per core) family 6 model 126 stepping 5 microcode 0xa6, cx8, cmov, fxsr, ht, mmx, 3dnowpref, sse, sse2, sse3, ssse3, sse4.1, sse4.2, popcnt, lzcnt, tsc, tscinvbit, avx, avx2, aes, erms, clmul, bmi1, bmi2, adx, avx512f, avx512dq, avx512cd, avx512bw, avx512vl, sha, fma, vzeroupper, avx512_vpopcntdq, avx512_vpclmulqdq, avx512_vaes, avx512_vnni, clflush, clflushopt, avx512_vbmi2, avx512_vbmi, rdtscp, rdpid, fsrm, gfni, avx512_bitalg, f16c, pku, avx512_ifma
Processor Information for the first 4 processors :
  Max Mhz: 1201, Current Mhz: 1201, Mhz Limit: 1201

Memory: 4k page, system-wide physical 7932M (296M free)
TotalPageFile size 15532M (AvailPageFile size 4M)
current process WorkingSet (physical memory assigned to process): 12M, peak: 12M
current process commit charge ("private bytes"): 11M, peak: 12M

vm_info: Java HotSpot(TM) 64-Bit Server VM (23.0.2+7-58) for windows-amd64 JRE (23.0.2+7-58), built on 2024-11-29T09:34:55Z with MS VC++ 17.6 (VS2022)

END.
